Thu Jan 14 14:31:58 CST 2016  [debug] AvalonLogSystem initialized using logfile 'D:\Users\dell\Workspaces\MyEclipse 10\.metadata\.plugins\com.genuitec.eclipse.templates\velocity.log'
Thu Jan 14 14:31:58 CST 2016   [info] ************************************************************** 
Thu Jan 14 14:31:58 CST 2016   [info] Starting Jakarta Velocity v1.4
Thu Jan 14 14:31:58 CST 2016   [info] RuntimeInstance initializing.
Thu Jan 14 14:31:58 CST 2016   [info] Default Properties File: org\apache\velocity\runtime\defaults\velocity.properties
Thu Jan 14 14:31:58 CST 2016   [info] Trying to use logger class org.apache.velocity.runtime.log.AvalonLogSystem
Thu Jan 14 14:31:58 CST 2016   [info] Using logger class org.apache.velocity.runtime.log.AvalonLogSystem
Thu Jan 14 14:31:58 CST 2016   [info] Default ResourceManager initializing. (class org.apache.velocity.runtime.resource.ResourceManagerImpl)
Thu Jan 14 14:31:58 CST 2016   [info] Resource Loader Instantiated: com.genuitec.eclipse.templates.internal.PluginResourceLoader
Thu Jan 14 14:31:58 CST 2016   [info] ResourceCache : initialized. (class org.apache.velocity.runtime.resource.ResourceCacheImpl)
Thu Jan 14 14:31:58 CST 2016   [info] Default ResourceManager initialization complete.
Thu Jan 14 14:31:58 CST 2016   [info] Loaded System Directive: org.apache.velocity.runtime.directive.Literal
Thu Jan 14 14:31:58 CST 2016   [info] Loaded System Directive: org.apache.velocity.runtime.directive.Macro
Thu Jan 14 14:31:58 CST 2016   [info] Loaded System Directive: org.apache.velocity.runtime.directive.Parse
Thu Jan 14 14:31:58 CST 2016   [info] Loaded System Directive: org.apache.velocity.runtime.directive.Include
Thu Jan 14 14:31:58 CST 2016   [info] Loaded System Directive: org.apache.velocity.runtime.directive.Foreach
Thu Jan 14 14:31:58 CST 2016   [info] Created: 20 parsers.
Thu Jan 14 14:31:58 CST 2016   [info] Velocimacro : initialization starting.
Thu Jan 14 14:31:58 CST 2016   [info] Velocimacro : adding VMs from VM library template : VM_global_library.vm
Thu Jan 14 14:31:58 CST 2016  [error] ResourceManager : unable to find resource 'VM_global_library.vm' in any resource loader.
Thu Jan 14 14:31:58 CST 2016   [info] Velocimacro : error using  VM library template VM_global_library.vm : org.apache.velocity.exception.ResourceNotFoundException: Unable to find resource 'VM_global_library.vm'
Thu Jan 14 14:31:58 CST 2016   [info] Velocimacro :  VM library template macro registration complete.
Thu Jan 14 14:31:58 CST 2016   [info] Velocimacro : allowInline = true : VMs can be defined inline in templates
Thu Jan 14 14:31:58 CST 2016   [info] Velocimacro : allowInlineToOverride = true : VMs defined inline may replace previous VM definitions
Thu Jan 14 14:31:58 CST 2016   [info] Velocimacro : allowInlineLocal = true : VMs defined inline will be local to their defining template only.
Thu Jan 14 14:31:58 CST 2016   [info] Velocimacro : messages on  : VM system will output logging messages
Thu Jan 14 14:31:58 CST 2016   [info] Velocimacro : autoload off  : VM system will not automatically reload global library macros
Thu Jan 14 14:31:58 CST 2016   [info] Velocimacro : initialization complete.
Thu Jan 14 14:31:58 CST 2016   [info] Velocity successfully started.
Thu Jan 14 14:31:58 CST 2016   [info] ResourceManager : found templates/AsyncWrapperBinding.vm with loader com.genuitec.eclipse.templates.internal.PluginResourceLoader
